mode: set
mail/cmd/main.go:10.13,15.16 4 0
mail/cmd/main.go:15.16,17.3 1 0
mail/cmd/main.go:18.2,18.40 1 0
mail/cmd/main.go:18.40,20.3 1 0
mail/config/config.go:37.46,41.16 3 0
mail/config/config.go:41.16,43.3 1 0
mail/config/config.go:44.2,47.40 3 0
mail/config/config.go:47.40,49.3 1 0
mail/config/config.go:50.2,51.20 2 0
mail/internal/app/app.go:9.36,13.16 3 0
mail/internal/app/app.go:13.16,15.3 1 0
mail/internal/app/app.go:17.2,17.51 1 0
mail/internal/app/app.go:17.51,19.3 1 0
mail/internal/app/app.go:20.2,20.12 1 0
mail/internal/delivery/httpserver/auth/LoginHandler.go:10.76,14.16 3 0
mail/internal/delivery/httpserver/auth/LoginHandler.go:14.16,17.3 2 0
mail/internal/delivery/httpserver/auth/LoginHandler.go:19.2,19.39 1 0
mail/internal/delivery/httpserver/auth/LoginHandler.go:19.39,22.3 2 0
mail/internal/delivery/httpserver/auth/LoginHandler.go:24.2,24.42 1 0
mail/internal/delivery/httpserver/auth/LoginHandler.go:24.42,27.3 2 0
mail/internal/delivery/httpserver/auth/LoginHandler.go:29.2,30.16 2 0
mail/internal/delivery/httpserver/auth/LoginHandler.go:30.16,33.3 2 0
mail/internal/delivery/httpserver/auth/LoginHandler.go:35.2,43.30 4 0
mail/internal/delivery/httpserver/auth/LogoutHandler.go:8.77,10.21 2 0
mail/internal/delivery/httpserver/auth/LogoutHandler.go:10.21,13.3 2 0
mail/internal/delivery/httpserver/auth/LogoutHandler.go:14.2,17.16 3 0
mail/internal/delivery/httpserver/auth/LogoutHandler.go:17.16,20.3 2 0
mail/internal/delivery/httpserver/auth/LogoutHandler.go:22.2,28.30 3 0
mail/internal/delivery/httpserver/auth/SignupHandler.go:10.77,14.16 3 0
mail/internal/delivery/httpserver/auth/SignupHandler.go:14.16,17.3 2 0
mail/internal/delivery/httpserver/auth/SignupHandler.go:19.2,19.40 1 0
mail/internal/delivery/httpserver/auth/SignupHandler.go:19.40,22.3 2 0
mail/internal/delivery/httpserver/auth/SignupHandler.go:24.2,24.123 1 0
mail/internal/delivery/httpserver/auth/SignupHandler.go:24.123,27.3 2 0
mail/internal/delivery/httpserver/auth/SignupHandler.go:29.2,29.42 1 0
mail/internal/delivery/httpserver/auth/SignupHandler.go:29.42,32.3 2 0
mail/internal/delivery/httpserver/auth/SignupHandler.go:34.2,36.16 2 0
mail/internal/delivery/httpserver/auth/SignupHandler.go:36.16,39.3 2 0
mail/internal/delivery/httpserver/auth/SignupHandler.go:41.2,49.30 4 0
mail/internal/delivery/httpserver/auth/auth_router.go:12.55,14.2 1 0
mail/internal/delivery/httpserver/auth/auth_router.go:16.60,20.2 3 0
mail/internal/delivery/httpserver/httpserver.go:25.66,30.50 5 0
mail/internal/delivery/httpserver/httpserver.go:30.50,32.3 1 0
mail/internal/delivery/httpserver/httpserver.go:33.2,33.12 1 0
mail/internal/delivery/httpserver/httpserver.go:36.71,66.2 18 0
mail/internal/delivery/httpserver/httpserver.go:68.88,72.2 1 0
mail/internal/delivery/httpserver/httpserver.go:73.88,75.2 1 0
mail/internal/delivery/httpserver/httpserver.go:77.64,80.2 2 0
mail/internal/models/user_model.go:28.38,31.2 2 0
mail/internal/models/user_model.go:33.36,36.2 2 0
mail/internal/delivery/middleware/authMW.go:13.55,15.2 1 0
mail/internal/delivery/middleware/authMW.go:21.66,22.71 1 0
mail/internal/delivery/middleware/authMW.go:22.71,23.37 1 0
mail/internal/delivery/middleware/authMW.go:23.37,26.4 2 0
mail/internal/delivery/middleware/authMW.go:28.3,29.17 2 0
mail/internal/delivery/middleware/authMW.go:29.17,32.4 2 0
mail/internal/delivery/middleware/authMW.go:34.3,35.17 2 0
mail/internal/delivery/middleware/authMW.go:35.17,38.4 2 0
mail/internal/delivery/middleware/authMW.go:40.3,41.40 2 0
mail/internal/delivery/middleware/corsMW.go:8.63,9.71 1 0
mail/internal/delivery/middleware/corsMW.go:9.71,15.37 5 0
mail/internal/delivery/middleware/corsMW.go:15.37,18.4 2 0
mail/internal/delivery/middleware/corsMW.go:20.3,20.23 1 0
mail/internal/delivery/middleware/middleware.go:9.93,13.2 3 0
mail/internal/delivery/httpserver/email/mocks/mock_email.go:28.69,32.2 3 0
mail/internal/delivery/httpserver/email/mocks/mock_email.go:35.67,37.2 1 0
mail/internal/delivery/httpserver/email/mocks/mock_email.go:40.70,45.2 4 0
mail/internal/delivery/httpserver/email/mocks/mock_email.go:48.91,51.2 2 0
mail/internal/delivery/httpserver/email/mocks/mock_email.go:54.55,59.2 4 0
mail/internal/delivery/httpserver/email/mocks/mock_email.go:62.75,65.2 2 0
mail/internal/delivery/httpserver/email/mocks/mock_email.go:68.101,73.2 4 0
mail/internal/delivery/httpserver/email/mocks/mock_email.go:76.104,79.2 2 0
mail/internal/delivery/httpserver/email/mocks/mock_email.go:82.71,88.2 5 0
mail/internal/delivery/httpserver/email/mocks/mock_email.go:91.83,94.2 2 0
mail/internal/delivery/httpserver/email/mocks/mock_email.go:97.86,103.2 5 0
mail/internal/delivery/httpserver/email/mocks/mock_email.go:106.93,109.2 2 0
mail/internal/delivery/httpserver/email/mocks/mock_email.go:112.69,118.2 5 0
mail/internal/delivery/httpserver/email/mocks/mock_email.go:121.76,124.2 2 0
mail/internal/delivery/httpserver/email/mocks/mock_email.go:127.108,132.2 4 0
mail/internal/delivery/httpserver/email/mocks/mock_email.go:135.113,138.2 2 0
mail/internal/delivery/httpserver/email/mocks/mock_email.go:141.64,146.2 4 0
mail/internal/delivery/httpserver/email/mocks/mock_email.go:149.83,152.2 2 0
mail/internal/delivery/httpserver/email/mocks/mock_email.go:155.92,160.2 4 0
mail/internal/delivery/httpserver/email/mocks/mock_email.go:163.101,166.2 2 0
mail/internal/delivery/httpserver/email/mocks/mock_email.go:180.75,184.2 3 0
mail/internal/delivery/httpserver/email/mocks/mock_email.go:187.73,189.2 1 0
mail/internal/delivery/httpserver/email/mocks/mock_email.go:192.73,197.2 4 0
mail/internal/delivery/httpserver/email/mocks/mock_email.go:200.94,203.2 2 0
mail/internal/delivery/httpserver/email/mocks/mock_email.go:206.74,212.2 5 0
mail/internal/delivery/httpserver/email/mocks/mock_email.go:215.86,218.2 2 0
mail/internal/delivery/httpserver/email/mocks/mock_email.go:221.89,227.2 5 0
mail/internal/delivery/httpserver/email/mocks/mock_email.go:230.96,233.2 2 0
mail/internal/delivery/httpserver/email/mocks/mock_email.go:236.72,242.2 5 0
mail/internal/delivery/httpserver/email/mocks/mock_email.go:245.79,248.2 2 0
mail/internal/delivery/httpserver/email/mocks/mock_email.go:251.67,256.2 4 0
mail/internal/delivery/httpserver/email/mocks/mock_email.go:259.86,262.2 2 0
mail/internal/delivery/httpserver/email/mocks/mock_email.go:276.73,280.2 3 0
mail/internal/delivery/httpserver/email/mocks/mock_email.go:283.71,285.2 1 0
mail/internal/delivery/httpserver/email/mocks/mock_email.go:288.94,293.2 4 0
mail/internal/delivery/httpserver/email/mocks/mock_email.go:296.103,299.2 2 0
mail/internal/delivery/httpserver/email/mocks/mock_email.go:313.73,317.2 3 0
mail/internal/delivery/httpserver/email/mocks/mock_email.go:320.71,322.2 1 0
mail/internal/delivery/httpserver/email/mocks/mock_email.go:325.46,330.2 4 0
mail/internal/delivery/httpserver/email/mocks/mock_email.go:333.66,336.2 2 0
mail/internal/delivery/httpserver/email/mocks/mock_email.go:339.77,344.2 4 0
mail/internal/delivery/httpserver/email/mocks/mock_email.go:347.86,350.2 2 0
mail/internal/delivery/httpserver/email/mocks/mock_email.go:353.43,358.2 4 0
mail/internal/delivery/httpserver/email/mocks/mock_email.go:361.63,364.2 2 0
mail/internal/delivery/httpserver/email/mocks/mock_email.go:371.61,374.2 2 0
mail/internal/delivery/httpserver/email/mocks/mock_email.go:376.89,378.16 2 0
mail/internal/delivery/httpserver/email/mocks/mock_email.go:378.16,380.3 1 0
mail/internal/delivery/httpserver/email/mocks/mock_email.go:381.2,384.22 4 0
mail/internal/delivery/httpserver/email/mocks/mock_email.go:387.75,390.2 2 0
mail/internal/delivery/httpserver/email/mocks/mock_email.go:392.91,394.9 2 0
mail/internal/delivery/httpserver/email/mocks/mock_email.go:394.9,396.3 1 0
mail/internal/delivery/httpserver/email/mocks/mock_email.go:397.2,397.21 1 0
mail/internal/delivery/httpserver/email/mocks/mock_email.go:424.79,428.2 3 0
mail/internal/delivery/httpserver/email/mocks/mock_email.go:431.77,433.2 1 0
mail/internal/delivery/httpserver/email/mocks/mock_email.go:436.85,442.2 5 0
mail/internal/delivery/httpserver/email/mocks/mock_email.go:445.91,448.2 2 0
mail/internal/delivery/httpserver/email/mocks/mock_email.go:451.71,456.2 4 0
mail/internal/delivery/httpserver/email/mocks/mock_email.go:459.96,462.2 2 0
mail/internal/delivery/httpserver/email/mocks/mock_email.go:465.87,471.2 5 0
mail/internal/delivery/httpserver/email/mocks/mock_email.go:474.93,477.2 2 0
mail/service/postgres/init.go:11.48,17.16 4 0
mail/service/postgres/init.go:17.16,19.3 1 0
mail/service/postgres/init.go:21.2,21.16 1 0
mail/pkg/utils/error_response.go:9.86,18.2 5 0
mail/pkg/utils/functions.go:8.37,10.44 2 0
mail/pkg/utils/functions.go:10.44,12.3 1 0
mail/pkg/utils/functions.go:13.2,13.39 1 0
mail/config/config.go:37.46,41.16 3 0
mail/config/config.go:41.16,43.3 1 0
mail/config/config.go:44.2,47.40 3 0
mail/config/config.go:47.40,49.3 1 0
mail/config/config.go:50.2,51.20 2 0
mail/internal/models/user_model.go:28.38,31.2 2 0
mail/internal/models/user_model.go:33.36,36.2 2 0
mail/internal/repository/email_repo.go:15.68,17.2 1 1
mail/internal/repository/email_repo.go:19.80,27.16 2 1
mail/internal/repository/email_repo.go:27.16,29.3 1 1
mail/internal/repository/email_repo.go:30.2,33.18 3 1
mail/internal/repository/email_repo.go:33.18,44.17 3 1
mail/internal/repository/email_repo.go:44.17,46.4 1 1
mail/internal/repository/email_repo.go:47.3,47.27 1 1
mail/internal/repository/email_repo.go:49.2,49.17 1 1
mail/internal/repository/email_repo.go:52.93,60.16 2 1
mail/internal/repository/email_repo.go:60.16,62.3 1 1
mail/internal/repository/email_repo.go:63.2,66.18 3 1
mail/internal/repository/email_repo.go:66.18,77.17 3 1
mail/internal/repository/email_repo.go:77.17,79.4 1 0
mail/internal/repository/email_repo.go:80.3,80.27 1 1
mail/internal/repository/email_repo.go:82.2,82.17 1 1
mail/internal/repository/email_repo.go:85.78,102.16 6 1
mail/internal/repository/email_repo.go:102.16,103.27 1 1
mail/internal/repository/email_repo.go:103.27,105.4 1 1
mail/internal/repository/email_repo.go:106.3,106.29 1 1
mail/internal/repository/email_repo.go:108.2,108.19 1 1
mail/internal/repository/email_repo.go:111.71,116.16 4 1
mail/internal/repository/email_repo.go:116.16,118.3 1 1
mail/internal/repository/email_repo.go:119.2,127.16 4 1
mail/internal/repository/email_repo.go:127.16,129.3 1 1
mail/internal/repository/email_repo.go:131.2,138.16 2 1
mail/internal/repository/email_repo.go:138.16,140.3 1 1
mail/internal/repository/email_repo.go:142.2,142.20 1 1
mail/internal/repository/email_repo.go:145.77,150.16 4 1
mail/internal/repository/email_repo.go:150.16,152.3 1 1
mail/internal/repository/email_repo.go:153.2,155.22 2 1
mail/internal/repository/email_repo.go:155.22,162.3 1 1
mail/internal/repository/email_repo.go:162.8,169.3 1 1
mail/internal/repository/email_repo.go:171.2,171.16 1 1
mail/internal/repository/email_repo.go:171.16,173.3 1 1
mail/internal/repository/email_repo.go:174.2,174.20 1 1
mail/internal/repository/pop3_repo.go:14.85,19.2 1 0
mail/internal/repository/pop3_repo.go:21.42,23.2 1 0
mail/internal/repository/pop3_repo.go:25.73,27.2 1 0
mail/internal/repository/pop3_repo.go:29.39,31.2 1 0
mail/internal/repository/session_repo.go:14.61,17.2 2 0
mail/internal/repository/session_repo.go:19.89,21.16 2 0
mail/internal/repository/session_repo.go:21.16,23.3 1 0
mail/internal/repository/session_repo.go:24.2,27.22 4 0
mail/internal/repository/session_repo.go:30.75,33.2 2 0
mail/internal/repository/session_repo.go:35.91,37.9 2 0
mail/internal/repository/session_repo.go:37.9,39.3 1 0
mail/internal/repository/session_repo.go:40.2,40.21 1 0
mail/internal/repository/smtp_repo.go:13.85,15.2 1 0
mail/internal/repository/smtp_repo.go:17.97,19.2 1 0
mail/internal/repository/user_repo.go:14.65,16.2 1 0
mail/internal/repository/user_repo.go:18.73,24.36 4 0
mail/internal/repository/user_repo.go:24.36,26.3 1 0
mail/internal/repository/user_repo.go:28.2,28.16 1 0
mail/internal/repository/user_repo.go:28.16,30.3 1 0
mail/internal/repository/user_repo.go:31.2,31.19 1 0
mail/internal/repository/user_repo.go:34.88,40.16 4 0
mail/internal/repository/user_repo.go:40.16,42.3 1 0
mail/internal/repository/user_repo.go:43.2,43.19 1 0
mail/internal/repository/user_repo.go:46.86,51.16 4 0
mail/internal/repository/user_repo.go:51.16,53.3 1 0
mail/internal/repository/user_repo.go:55.2,55.37 1 0
mail/internal/repository/user_repo.go:55.37,57.3 1 0
mail/internal/repository/user_repo.go:59.2,59.19 1 0
mail/pkg/utils/error_response.go:9.86,18.2 5 0
mail/pkg/utils/functions.go:8.37,10.44 2 0
mail/pkg/utils/functions.go:10.44,12.3 1 0
mail/pkg/utils/functions.go:13.2,13.39 1 0
mail/internal/delivery/httpserver/email/email_fetcher.go:15.60,19.2 1 1
mail/internal/delivery/httpserver/email/email_fetcher.go:21.33,22.28 1 1
mail/internal/delivery/httpserver/email/email_fetcher.go:22.28,24.3 1 0
mail/internal/delivery/httpserver/email/email_fetcher.go:26.2,26.12 1 1
mail/internal/delivery/httpserver/email/email_fetcher.go:26.12,30.22 3 1
mail/internal/delivery/httpserver/email/email_fetcher.go:30.22,31.63 1 1
mail/internal/delivery/httpserver/email/email_fetcher.go:31.63,33.5 1 0
mail/internal/delivery/httpserver/email/email_fetcher.go:33.10,35.5 1 1
mail/internal/delivery/httpserver/email/email_router.go:13.58,15.2 1 1
mail/internal/delivery/httpserver/email/email_router.go:17.69,23.2 5 0
mail/internal/delivery/httpserver/email/inboxHandler.go:9.77,11.21 2 1
mail/internal/delivery/httpserver/email/inboxHandler.go:11.21,14.3 2 1
mail/internal/delivery/httpserver/email/inboxHandler.go:15.2,18.16 3 1
mail/internal/delivery/httpserver/email/inboxHandler.go:18.16,21.3 2 1
mail/internal/delivery/httpserver/email/inboxHandler.go:23.2,24.16 2 1
mail/internal/delivery/httpserver/email/inboxHandler.go:24.16,27.3 2 0
mail/internal/delivery/httpserver/email/inboxHandler.go:29.2,31.17 3 1
mail/internal/delivery/httpserver/email/sendEmailHandler.go:13.81,15.21 2 1
mail/internal/delivery/httpserver/email/sendEmailHandler.go:15.21,18.3 2 1
mail/internal/delivery/httpserver/email/sendEmailHandler.go:19.2,22.61 3 1
mail/internal/delivery/httpserver/email/sendEmailHandler.go:22.61,25.3 2 1
mail/internal/delivery/httpserver/email/sendEmailHandler.go:27.2,27.23 1 1
mail/internal/delivery/httpserver/email/sendEmailHandler.go:27.23,38.17 3 1
mail/internal/delivery/httpserver/email/sendEmailHandler.go:38.17,41.4 2 1
mail/internal/delivery/httpserver/email/sendEmailHandler.go:43.3,49.17 2 1
mail/internal/delivery/httpserver/email/sendEmailHandler.go:49.17,52.4 2 1
mail/internal/delivery/httpserver/email/sendEmailHandler.go:53.8,55.17 2 1
mail/internal/delivery/httpserver/email/sendEmailHandler.go:55.17,58.4 2 1
mail/internal/delivery/httpserver/email/sendEmailHandler.go:60.3,60.42 1 1
mail/internal/delivery/httpserver/email/sendEmailHandler.go:60.42,71.18 3 1
mail/internal/delivery/httpserver/email/sendEmailHandler.go:71.18,74.5 2 1
mail/internal/delivery/httpserver/email/sendEmailHandler.go:76.4,82.18 2 1
mail/internal/delivery/httpserver/email/sendEmailHandler.go:82.18,85.5 2 1
mail/internal/delivery/httpserver/email/sendEmailHandler.go:86.9,86.50 1 1
mail/internal/delivery/httpserver/email/sendEmailHandler.go:86.50,97.18 3 1
mail/internal/delivery/httpserver/email/sendEmailHandler.go:97.18,100.5 2 1
mail/internal/delivery/httpserver/email/sendEmailHandler.go:102.4,108.18 3 1
mail/internal/delivery/httpserver/email/sendEmailHandler.go:108.18,111.5 2 1
mail/internal/delivery/httpserver/email/sendEmailHandler.go:112.9,115.4 2 1
mail/internal/delivery/httpserver/email/sendEmailHandler.go:118.2,120.67 3 1
mail/internal/delivery/httpserver/email/sentEmailHandler.go:9.82,11.21 2 1
mail/internal/delivery/httpserver/email/sentEmailHandler.go:11.21,14.3 2 1
mail/internal/delivery/httpserver/email/sentEmailHandler.go:16.2,17.16 2 1
mail/internal/delivery/httpserver/email/sentEmailHandler.go:17.16,20.3 2 1
mail/internal/delivery/httpserver/email/sentEmailHandler.go:22.2,24.35 3 1
mail/internal/delivery/httpserver/email/singleEmailHandler.go:13.83,15.21 2 1
mail/internal/delivery/httpserver/email/singleEmailHandler.go:15.21,18.3 2 1
mail/internal/delivery/httpserver/email/singleEmailHandler.go:20.2,22.9 3 1
mail/internal/delivery/httpserver/email/singleEmailHandler.go:22.9,25.3 2 1
mail/internal/delivery/httpserver/email/singleEmailHandler.go:27.2,28.16 2 1
mail/internal/delivery/httpserver/email/singleEmailHandler.go:28.16,31.3 2 1
mail/internal/delivery/httpserver/email/singleEmailHandler.go:33.2,34.16 2 1
mail/internal/delivery/httpserver/email/singleEmailHandler.go:34.16,37.3 2 1
mail/internal/delivery/httpserver/email/singleEmailHandler.go:39.2,41.24 2 1
mail/internal/delivery/httpserver/email/singleEmailHandler.go:41.24,43.17 2 1
mail/internal/delivery/httpserver/email/singleEmailHandler.go:43.17,45.4 1 1
mail/internal/delivery/httpserver/email/singleEmailHandler.go:48.2,49.16 2 1
mail/internal/delivery/httpserver/email/singleEmailHandler.go:49.16,52.3 2 0
mail/internal/delivery/httpserver/email/singleEmailHandler.go:54.2,56.17 3 1
mail/internal/delivery/httpserver/email/statusHandler.go:16.83,18.21 2 1
mail/internal/delivery/httpserver/email/statusHandler.go:18.21,21.3 2 1
mail/internal/delivery/httpserver/email/statusHandler.go:23.2,25.9 3 1
mail/internal/delivery/httpserver/email/statusHandler.go:25.9,28.3 2 1
mail/internal/delivery/httpserver/email/statusHandler.go:29.2,30.16 2 1
mail/internal/delivery/httpserver/email/statusHandler.go:30.16,33.3 2 1
mail/internal/delivery/httpserver/email/statusHandler.go:35.2,37.16 3 1
mail/internal/delivery/httpserver/email/statusHandler.go:37.16,40.3 2 1
mail/internal/delivery/httpserver/email/statusHandler.go:41.2,44.16 3 1
mail/internal/delivery/httpserver/email/statusHandler.go:44.16,47.3 2 1
mail/internal/delivery/httpserver/email/statusHandler.go:49.2,50.30 2 1
mail/internal/delivery/httpserver/email/mocks/mock_email.go:28.69,32.2 3 1
mail/internal/delivery/httpserver/email/mocks/mock_email.go:35.67,37.2 1 1
mail/internal/delivery/httpserver/email/mocks/mock_email.go:40.70,45.2 4 1
mail/internal/delivery/httpserver/email/mocks/mock_email.go:48.91,51.2 2 1
mail/internal/delivery/httpserver/email/mocks/mock_email.go:54.55,59.2 4 1
mail/internal/delivery/httpserver/email/mocks/mock_email.go:62.75,65.2 2 1
mail/internal/delivery/httpserver/email/mocks/mock_email.go:68.101,73.2 4 1
mail/internal/delivery/httpserver/email/mocks/mock_email.go:76.104,79.2 2 1
mail/internal/delivery/httpserver/email/mocks/mock_email.go:82.71,88.2 5 1
mail/internal/delivery/httpserver/email/mocks/mock_email.go:91.83,94.2 2 1
mail/internal/delivery/httpserver/email/mocks/mock_email.go:97.86,103.2 5 1
mail/internal/delivery/httpserver/email/mocks/mock_email.go:106.93,109.2 2 1
mail/internal/delivery/httpserver/email/mocks/mock_email.go:112.69,118.2 5 1
mail/internal/delivery/httpserver/email/mocks/mock_email.go:121.76,124.2 2 1
mail/internal/delivery/httpserver/email/mocks/mock_email.go:127.108,132.2 4 1
mail/internal/delivery/httpserver/email/mocks/mock_email.go:135.113,138.2 2 1
mail/internal/delivery/httpserver/email/mocks/mock_email.go:141.64,146.2 4 1
mail/internal/delivery/httpserver/email/mocks/mock_email.go:149.83,152.2 2 1
mail/internal/delivery/httpserver/email/mocks/mock_email.go:155.92,160.2 4 1
mail/internal/delivery/httpserver/email/mocks/mock_email.go:163.101,166.2 2 1
mail/internal/delivery/httpserver/email/mocks/mock_email.go:180.75,184.2 3 0
mail/internal/delivery/httpserver/email/mocks/mock_email.go:187.73,189.2 1 0
mail/internal/delivery/httpserver/email/mocks/mock_email.go:192.73,197.2 4 0
mail/internal/delivery/httpserver/email/mocks/mock_email.go:200.94,203.2 2 0
mail/internal/delivery/httpserver/email/mocks/mock_email.go:206.74,212.2 5 0
mail/internal/delivery/httpserver/email/mocks/mock_email.go:215.86,218.2 2 0
mail/internal/delivery/httpserver/email/mocks/mock_email.go:221.89,227.2 5 0
mail/internal/delivery/httpserver/email/mocks/mock_email.go:230.96,233.2 2 0
mail/internal/delivery/httpserver/email/mocks/mock_email.go:236.72,242.2 5 0
mail/internal/delivery/httpserver/email/mocks/mock_email.go:245.79,248.2 2 0
mail/internal/delivery/httpserver/email/mocks/mock_email.go:251.67,256.2 4 0
mail/internal/delivery/httpserver/email/mocks/mock_email.go:259.86,262.2 2 0
mail/internal/delivery/httpserver/email/mocks/mock_email.go:276.73,280.2 3 0
mail/internal/delivery/httpserver/email/mocks/mock_email.go:283.71,285.2 1 0
mail/internal/delivery/httpserver/email/mocks/mock_email.go:288.94,293.2 4 0
mail/internal/delivery/httpserver/email/mocks/mock_email.go:296.103,299.2 2 0
mail/internal/delivery/httpserver/email/mocks/mock_email.go:313.73,317.2 3 0
mail/internal/delivery/httpserver/email/mocks/mock_email.go:320.71,322.2 1 0
mail/internal/delivery/httpserver/email/mocks/mock_email.go:325.46,330.2 4 0
mail/internal/delivery/httpserver/email/mocks/mock_email.go:333.66,336.2 2 0
mail/internal/delivery/httpserver/email/mocks/mock_email.go:339.77,344.2 4 0
mail/internal/delivery/httpserver/email/mocks/mock_email.go:347.86,350.2 2 0
mail/internal/delivery/httpserver/email/mocks/mock_email.go:353.43,358.2 4 0
mail/internal/delivery/httpserver/email/mocks/mock_email.go:361.63,364.2 2 0
mail/internal/delivery/httpserver/email/mocks/mock_email.go:371.61,374.2 2 0
mail/internal/delivery/httpserver/email/mocks/mock_email.go:376.89,378.16 2 0
mail/internal/delivery/httpserver/email/mocks/mock_email.go:378.16,380.3 1 0
mail/internal/delivery/httpserver/email/mocks/mock_email.go:381.2,384.22 4 0
mail/internal/delivery/httpserver/email/mocks/mock_email.go:387.75,390.2 2 0
mail/internal/delivery/httpserver/email/mocks/mock_email.go:392.91,394.9 2 0
mail/internal/delivery/httpserver/email/mocks/mock_email.go:394.9,396.3 1 0
mail/internal/delivery/httpserver/email/mocks/mock_email.go:397.2,397.21 1 0
mail/internal/delivery/httpserver/email/mocks/mock_email.go:424.79,428.2 3 0
mail/internal/delivery/httpserver/email/mocks/mock_email.go:431.77,433.2 1 0
mail/internal/delivery/httpserver/email/mocks/mock_email.go:436.85,442.2 5 0
mail/internal/delivery/httpserver/email/mocks/mock_email.go:445.91,448.2 2 0
mail/internal/delivery/httpserver/email/mocks/mock_email.go:451.71,456.2 4 0
mail/internal/delivery/httpserver/email/mocks/mock_email.go:459.96,462.2 2 0
mail/internal/delivery/httpserver/email/mocks/mock_email.go:465.87,471.2 5 0
mail/internal/delivery/httpserver/email/mocks/mock_email.go:474.93,477.2 2 0
mail/internal/models/user_model.go:28.38,31.2 2 0
mail/internal/models/user_model.go:33.36,36.2 2 0
mail/pkg/utils/error_response.go:9.86,18.2 5 1
mail/pkg/utils/functions.go:8.37,10.44 2 0
mail/pkg/utils/functions.go:10.44,12.3 1 0
mail/pkg/utils/functions.go:13.2,13.39 1 0
mail/internal/delivery/httpserver/email/mocks/mock_email.go:28.69,32.2 3 0
mail/internal/delivery/httpserver/email/mocks/mock_email.go:35.67,37.2 1 0
mail/internal/delivery/httpserver/email/mocks/mock_email.go:40.70,45.2 4 0
mail/internal/delivery/httpserver/email/mocks/mock_email.go:48.91,51.2 2 0
mail/internal/delivery/httpserver/email/mocks/mock_email.go:54.55,59.2 4 0
mail/internal/delivery/httpserver/email/mocks/mock_email.go:62.75,65.2 2 0
mail/internal/delivery/httpserver/email/mocks/mock_email.go:68.101,73.2 4 0
mail/internal/delivery/httpserver/email/mocks/mock_email.go:76.104,79.2 2 0
mail/internal/delivery/httpserver/email/mocks/mock_email.go:82.71,88.2 5 0
mail/internal/delivery/httpserver/email/mocks/mock_email.go:91.83,94.2 2 0
mail/internal/delivery/httpserver/email/mocks/mock_email.go:97.86,103.2 5 0
mail/internal/delivery/httpserver/email/mocks/mock_email.go:106.93,109.2 2 0
mail/internal/delivery/httpserver/email/mocks/mock_email.go:112.69,118.2 5 0
mail/internal/delivery/httpserver/email/mocks/mock_email.go:121.76,124.2 2 0
mail/internal/delivery/httpserver/email/mocks/mock_email.go:127.108,132.2 4 0
mail/internal/delivery/httpserver/email/mocks/mock_email.go:135.113,138.2 2 0
mail/internal/delivery/httpserver/email/mocks/mock_email.go:141.64,146.2 4 0
mail/internal/delivery/httpserver/email/mocks/mock_email.go:149.83,152.2 2 0
mail/internal/delivery/httpserver/email/mocks/mock_email.go:155.92,160.2 4 0
mail/internal/delivery/httpserver/email/mocks/mock_email.go:163.101,166.2 2 0
mail/internal/delivery/httpserver/email/mocks/mock_email.go:180.75,184.2 3 1
mail/internal/delivery/httpserver/email/mocks/mock_email.go:187.73,189.2 1 1
mail/internal/delivery/httpserver/email/mocks/mock_email.go:192.73,197.2 4 1
mail/internal/delivery/httpserver/email/mocks/mock_email.go:200.94,203.2 2 1
mail/internal/delivery/httpserver/email/mocks/mock_email.go:206.74,212.2 5 1
mail/internal/delivery/httpserver/email/mocks/mock_email.go:215.86,218.2 2 1
mail/internal/delivery/httpserver/email/mocks/mock_email.go:221.89,227.2 5 1
mail/internal/delivery/httpserver/email/mocks/mock_email.go:230.96,233.2 2 1
mail/internal/delivery/httpserver/email/mocks/mock_email.go:236.72,242.2 5 1
mail/internal/delivery/httpserver/email/mocks/mock_email.go:245.79,248.2 2 1
mail/internal/delivery/httpserver/email/mocks/mock_email.go:251.67,256.2 4 1
mail/internal/delivery/httpserver/email/mocks/mock_email.go:259.86,262.2 2 1
mail/internal/delivery/httpserver/email/mocks/mock_email.go:276.73,280.2 3 1
mail/internal/delivery/httpserver/email/mocks/mock_email.go:283.71,285.2 1 1
mail/internal/delivery/httpserver/email/mocks/mock_email.go:288.94,293.2 4 1
mail/internal/delivery/httpserver/email/mocks/mock_email.go:296.103,299.2 2 1
mail/internal/delivery/httpserver/email/mocks/mock_email.go:313.73,317.2 3 1
mail/internal/delivery/httpserver/email/mocks/mock_email.go:320.71,322.2 1 1
mail/internal/delivery/httpserver/email/mocks/mock_email.go:325.46,330.2 4 1
mail/internal/delivery/httpserver/email/mocks/mock_email.go:333.66,336.2 2 1
mail/internal/delivery/httpserver/email/mocks/mock_email.go:339.77,344.2 4 1
mail/internal/delivery/httpserver/email/mocks/mock_email.go:347.86,350.2 2 1
mail/internal/delivery/httpserver/email/mocks/mock_email.go:353.43,358.2 4 1
mail/internal/delivery/httpserver/email/mocks/mock_email.go:361.63,364.2 2 1
mail/internal/delivery/httpserver/email/mocks/mock_email.go:371.61,374.2 2 0
mail/internal/delivery/httpserver/email/mocks/mock_email.go:376.89,378.16 2 0
mail/internal/delivery/httpserver/email/mocks/mock_email.go:378.16,380.3 1 0
mail/internal/delivery/httpserver/email/mocks/mock_email.go:381.2,384.22 4 0
mail/internal/delivery/httpserver/email/mocks/mock_email.go:387.75,390.2 2 0
mail/internal/delivery/httpserver/email/mocks/mock_email.go:392.91,394.9 2 0
mail/internal/delivery/httpserver/email/mocks/mock_email.go:394.9,396.3 1 0
mail/internal/delivery/httpserver/email/mocks/mock_email.go:397.2,397.21 1 0
mail/internal/delivery/httpserver/email/mocks/mock_email.go:424.79,428.2 3 1
mail/internal/delivery/httpserver/email/mocks/mock_email.go:431.77,433.2 1 1
mail/internal/delivery/httpserver/email/mocks/mock_email.go:436.85,442.2 5 0
mail/internal/delivery/httpserver/email/mocks/mock_email.go:445.91,448.2 2 0
mail/internal/delivery/httpserver/email/mocks/mock_email.go:451.71,456.2 4 0
mail/internal/delivery/httpserver/email/mocks/mock_email.go:459.96,462.2 2 0
mail/internal/delivery/httpserver/email/mocks/mock_email.go:465.87,471.2 5 1
mail/internal/delivery/httpserver/email/mocks/mock_email.go:474.93,477.2 2 1
mail/internal/models/user_model.go:28.38,31.2 2 0
mail/internal/models/user_model.go:33.36,36.2 2 0
mail/internal/usecases/email_usecase.go:22.17,29.2 1 1
mail/internal/usecases/email_usecase.go:31.73,33.16 2 1
mail/internal/usecases/email_usecase.go:33.16,35.3 1 1
mail/internal/usecases/email_usecase.go:36.2,36.46 1 1
mail/internal/usecases/email_usecase.go:39.96,41.2 1 1
mail/internal/usecases/email_usecase.go:43.98,56.2 3 1
mail/internal/usecases/email_usecase.go:58.112,69.2 3 1
mail/internal/usecases/email_usecase.go:71.68,73.2 1 1
mail/internal/usecases/email_usecase.go:75.52,76.46 1 1
mail/internal/usecases/email_usecase.go:76.46,78.3 1 1
mail/internal/usecases/email_usecase.go:79.2,81.62 2 1
mail/internal/usecases/email_usecase.go:81.62,83.3 1 1
mail/internal/usecases/email_usecase.go:85.2,85.12 1 1
mail/internal/usecases/email_usecase.go:88.83,90.2 1 1
mail/internal/usecases/email_usecase.go:92.60,94.2 1 1
mail/internal/usecases/email_usecase.go:96.67,98.2 1 1
mail/internal/usecases/user_usecase.go:13.101,18.2 1 0
mail/internal/usecases/user_usecase.go:20.91,22.16 2 0
mail/internal/usecases/user_usecase.go:22.16,24.3 1 0
mail/internal/usecases/user_usecase.go:25.2,25.11 1 0
mail/internal/usecases/user_usecase.go:25.11,27.3 1 0
mail/internal/usecases/user_usecase.go:29.2,30.16 2 0
mail/internal/usecases/user_usecase.go:30.16,32.3 1 0
mail/internal/usecases/user_usecase.go:34.2,35.16 2 0
mail/internal/usecases/user_usecase.go:35.16,37.3 1 0
mail/internal/usecases/user_usecase.go:38.2,38.27 1 0
mail/internal/usecases/user_usecase.go:41.89,43.16 2 0
mail/internal/usecases/user_usecase.go:43.16,45.3 1 0
mail/internal/usecases/user_usecase.go:46.2,46.12 1 0
mail/internal/usecases/user_usecase.go:46.12,48.3 1 0
mail/internal/usecases/user_usecase.go:50.2,51.16 2 0
mail/internal/usecases/user_usecase.go:51.16,53.3 1 0
mail/internal/usecases/user_usecase.go:54.2,55.16 2 0
mail/internal/usecases/user_usecase.go:55.16,57.3 1 0
mail/internal/usecases/user_usecase.go:58.2,58.27 1 0
mail/internal/usecases/user_usecase.go:61.48,63.16 2 0
mail/internal/usecases/user_usecase.go:63.16,65.3 1 0
mail/internal/usecases/user_usecase.go:66.2,66.12 1 0
mail/internal/usecases/user_usecase.go:69.70,71.16 2 0
mail/internal/usecases/user_usecase.go:71.16,73.3 1 0
mail/internal/usecases/user_usecase.go:74.2,74.21 1 0
mail/pkg/utils/error_response.go:9.86,18.2 5 0
mail/pkg/utils/functions.go:8.37,10.44 2 0
mail/pkg/utils/functions.go:10.44,12.3 1 0
mail/pkg/utils/functions.go:13.2,13.39 1 0
mail/internal/delivery/httpserver/email/mocks/mock_email.go:28.69,32.2 3 0
mail/internal/delivery/httpserver/email/mocks/mock_email.go:35.67,37.2 1 0
mail/internal/delivery/httpserver/email/mocks/mock_email.go:40.70,45.2 4 0
mail/internal/delivery/httpserver/email/mocks/mock_email.go:48.91,51.2 2 0
mail/internal/delivery/httpserver/email/mocks/mock_email.go:54.55,59.2 4 0
mail/internal/delivery/httpserver/email/mocks/mock_email.go:62.75,65.2 2 0
mail/internal/delivery/httpserver/email/mocks/mock_email.go:68.101,73.2 4 0
mail/internal/delivery/httpserver/email/mocks/mock_email.go:76.104,79.2 2 0
mail/internal/delivery/httpserver/email/mocks/mock_email.go:82.71,88.2 5 0
mail/internal/delivery/httpserver/email/mocks/mock_email.go:91.83,94.2 2 0
mail/internal/delivery/httpserver/email/mocks/mock_email.go:97.86,103.2 5 0
mail/internal/delivery/httpserver/email/mocks/mock_email.go:106.93,109.2 2 0
mail/internal/delivery/httpserver/email/mocks/mock_email.go:112.69,118.2 5 0
mail/internal/delivery/httpserver/email/mocks/mock_email.go:121.76,124.2 2 0
mail/internal/delivery/httpserver/email/mocks/mock_email.go:127.108,132.2 4 0
mail/internal/delivery/httpserver/email/mocks/mock_email.go:135.113,138.2 2 0
mail/internal/delivery/httpserver/email/mocks/mock_email.go:141.64,146.2 4 0
mail/internal/delivery/httpserver/email/mocks/mock_email.go:149.83,152.2 2 0
mail/internal/delivery/httpserver/email/mocks/mock_email.go:155.92,160.2 4 0
mail/internal/delivery/httpserver/email/mocks/mock_email.go:163.101,166.2 2 0
mail/internal/delivery/httpserver/email/mocks/mock_email.go:180.75,184.2 3 1
mail/internal/delivery/httpserver/email/mocks/mock_email.go:187.73,189.2 1 1
mail/internal/delivery/httpserver/email/mocks/mock_email.go:192.73,197.2 4 0
mail/internal/delivery/httpserver/email/mocks/mock_email.go:200.94,203.2 2 0
mail/internal/delivery/httpserver/email/mocks/mock_email.go:206.74,212.2 5 0
mail/internal/delivery/httpserver/email/mocks/mock_email.go:215.86,218.2 2 0
mail/internal/delivery/httpserver/email/mocks/mock_email.go:221.89,227.2 5 0
mail/internal/delivery/httpserver/email/mocks/mock_email.go:230.96,233.2 2 0
mail/internal/delivery/httpserver/email/mocks/mock_email.go:236.72,242.2 5 0
mail/internal/delivery/httpserver/email/mocks/mock_email.go:245.79,248.2 2 0
mail/internal/delivery/httpserver/email/mocks/mock_email.go:251.67,256.2 4 1
mail/internal/delivery/httpserver/email/mocks/mock_email.go:259.86,262.2 2 1
mail/internal/delivery/httpserver/email/mocks/mock_email.go:276.73,280.2 3 0
mail/internal/delivery/httpserver/email/mocks/mock_email.go:283.71,285.2 1 0
mail/internal/delivery/httpserver/email/mocks/mock_email.go:288.94,293.2 4 0
mail/internal/delivery/httpserver/email/mocks/mock_email.go:296.103,299.2 2 0
mail/internal/delivery/httpserver/email/mocks/mock_email.go:313.73,317.2 3 0
mail/internal/delivery/httpserver/email/mocks/mock_email.go:320.71,322.2 1 0
mail/internal/delivery/httpserver/email/mocks/mock_email.go:325.46,330.2 4 0
mail/internal/delivery/httpserver/email/mocks/mock_email.go:333.66,336.2 2 0
mail/internal/delivery/httpserver/email/mocks/mock_email.go:339.77,344.2 4 0
mail/internal/delivery/httpserver/email/mocks/mock_email.go:347.86,350.2 2 0
mail/internal/delivery/httpserver/email/mocks/mock_email.go:353.43,358.2 4 0
mail/internal/delivery/httpserver/email/mocks/mock_email.go:361.63,364.2 2 0
mail/internal/delivery/httpserver/email/mocks/mock_email.go:371.61,374.2 2 0
mail/internal/delivery/httpserver/email/mocks/mock_email.go:376.89,378.16 2 0
mail/internal/delivery/httpserver/email/mocks/mock_email.go:378.16,380.3 1 0
mail/internal/delivery/httpserver/email/mocks/mock_email.go:381.2,384.22 4 0
mail/internal/delivery/httpserver/email/mocks/mock_email.go:387.75,390.2 2 0
mail/internal/delivery/httpserver/email/mocks/mock_email.go:392.91,394.9 2 0
mail/internal/delivery/httpserver/email/mocks/mock_email.go:394.9,396.3 1 0
mail/internal/delivery/httpserver/email/mocks/mock_email.go:397.2,397.21 1 0
mail/internal/delivery/httpserver/email/mocks/mock_email.go:424.79,428.2 3 0
mail/internal/delivery/httpserver/email/mocks/mock_email.go:431.77,433.2 1 0
mail/internal/delivery/httpserver/email/mocks/mock_email.go:436.85,442.2 5 0
mail/internal/delivery/httpserver/email/mocks/mock_email.go:445.91,448.2 2 0
mail/internal/delivery/httpserver/email/mocks/mock_email.go:451.71,456.2 4 0
mail/internal/delivery/httpserver/email/mocks/mock_email.go:459.96,462.2 2 0
mail/internal/delivery/httpserver/email/mocks/mock_email.go:465.87,471.2 5 0
mail/internal/delivery/httpserver/email/mocks/mock_email.go:474.93,477.2 2 0
mail/internal/models/user_model.go:28.38,31.2 2 0
mail/internal/models/user_model.go:33.36,36.2 2 0
mail/pkg/pop3/pop3.go:22.71,29.2 1 1
mail/pkg/pop3/pop3.go:31.38,32.33 1 1
mail/pkg/pop3/pop3.go:32.33,34.3 1 0
mail/pkg/pop3/pop3.go:36.2,36.41 1 1
mail/pkg/pop3/pop3.go:36.41,38.3 1 0
mail/pkg/pop3/pop3.go:40.2,40.12 1 1
mail/pkg/pop3/pop3.go:43.35,46.16 3 1
mail/pkg/pop3/pop3.go:46.16,48.3 1 0
mail/pkg/pop3/pop3.go:50.2,54.50 4 1
mail/pkg/pop3/pop3.go:57.43,58.90 1 1
mail/pkg/pop3/pop3.go:58.90,60.3 1 0
mail/pkg/pop3/pop3.go:62.2,62.74 1 1
mail/pkg/pop3/pop3.go:65.71,66.43 1 1
mail/pkg/pop3/pop3.go:66.43,68.3 1 0
mail/pkg/pop3/pop3.go:69.2,69.35 1 1
mail/pkg/pop3/pop3.go:72.60,74.16 2 1
mail/pkg/pop3/pop3.go:74.16,76.3 1 0
mail/pkg/pop3/pop3.go:77.2,77.41 1 1
mail/pkg/pop3/pop3.go:77.41,79.3 1 0
mail/pkg/pop3/pop3.go:80.2,80.12 1 1
mail/pkg/pop3/pop3.go:83.52,85.16 2 1
mail/pkg/pop3/pop3.go:85.16,87.3 1 0
mail/pkg/pop3/pop3.go:88.2,88.25 1 1
mail/pkg/pop3/pop3.go:91.53,93.16 2 1
mail/pkg/pop3/pop3.go:93.16,95.3 1 0
mail/pkg/pop3/pop3.go:96.2,96.41 1 1
mail/pkg/pop3/pop3.go:99.62,101.6 2 1
mail/pkg/pop3/pop3.go:101.6,103.17 2 1
mail/pkg/pop3/pop3.go:103.17,105.4 1 0
mail/pkg/pop3/pop3.go:106.3,107.18 2 1
mail/pkg/pop3/pop3.go:107.18,108.9 1 1
mail/pkg/pop3/pop3.go:110.3,110.30 1 1
mail/pkg/pop3/pop3.go:112.2,112.39 1 1
mail/pkg/pop3/pop3.go:115.67,116.73 1 1
mail/pkg/pop3/pop3.go:116.73,118.3 1 0
mail/pkg/pop3/pop3.go:119.2,120.16 2 1
mail/pkg/pop3/pop3.go:120.16,122.3 1 0
mail/pkg/pop3/pop3.go:123.2,123.41 1 1
mail/pkg/pop3/pop3.go:123.41,125.3 1 0
mail/pkg/pop3/pop3.go:126.2,126.22 1 1
mail/pkg/pop3/pop3.go:129.69,131.16 2 1
mail/pkg/pop3/pop3.go:131.16,133.3 1 0
mail/pkg/pop3/pop3.go:135.2,135.44 1 1
mail/pkg/pop3/pop3.go:138.53,139.46 1 1
mail/pkg/pop3/pop3.go:139.46,141.3 1 0
mail/pkg/pop3/pop3.go:143.2,144.16 2 1
mail/pkg/pop3/pop3.go:144.16,146.3 1 0
mail/pkg/pop3/pop3.go:148.2,149.20 2 1
mail/pkg/pop3/pop3.go:149.20,151.3 1 0
mail/pkg/pop3/pop3.go:153.2,155.19 3 1
mail/pkg/pop3/pop3.go:158.82,162.30 3 1
mail/pkg/pop3/pop3.go:162.30,163.55 1 1
mail/pkg/pop3/pop3.go:163.55,165.12 2 0
mail/pkg/pop3/pop3.go:167.3,167.15 1 1
mail/pkg/pop3/pop3.go:170.2,170.44 1 1
mail/pkg/pop3/pop3.go:170.44,172.3 1 0
mail/pkg/pop3/pop3.go:174.2,174.12 1 1
mail/pkg/pop3/pop3.go:177.91,179.16 2 1
mail/pkg/pop3/pop3.go:179.16,181.3 1 0
mail/pkg/pop3/pop3.go:183.2,184.16 2 1
mail/pkg/pop3/pop3.go:184.16,186.3 1 0
mail/pkg/pop3/pop3.go:188.2,188.30 1 1
mail/pkg/pop3/pop3.go:191.35,192.46 1 1
mail/pkg/pop3/pop3.go:192.46,194.3 1 1
mail/pkg/pop3/pop3.go:195.2,196.16 2 1
mail/pkg/pop3/pop3.go:196.16,198.3 1 0
mail/pkg/pop3/pop3.go:199.2,199.41 1 1
mail/pkg/pop3/pop3.go:199.41,201.3 1 0
mail/pkg/pop3/pop3.go:202.2,202.23 1 1
mail/pkg/pop3/pop3.go:205.51,213.29 4 1
mail/pkg/pop3/pop3.go:213.29,214.17 1 1
mail/pkg/pop3/pop3.go:214.17,216.9 2 1
mail/pkg/pop3/pop3.go:218.3,218.40 1 1
mail/pkg/pop3/pop3.go:218.40,220.4 1 1
mail/pkg/pop3/pop3.go:220.9,220.45 1 1
mail/pkg/pop3/pop3.go:220.45,222.4 1 1
mail/pkg/pop3/pop3.go:222.9,222.50 1 1
mail/pkg/pop3/pop3.go:222.50,224.4 1 1
mail/pkg/pop3/pop3.go:224.9,224.47 1 1
mail/pkg/pop3/pop3.go:224.47,227.18 3 1
mail/pkg/pop3/pop3.go:227.18,229.5 1 0
mail/pkg/pop3/pop3.go:230.4,230.35 1 1
mail/pkg/pop3/pop3.go:234.2,234.48 1 1
mail/pkg/pop3/pop3.go:234.48,236.3 1 0
mail/pkg/pop3/pop3.go:237.2,239.19 2 1
mail/pkg/utils/error_response.go:9.86,18.2 5 0
mail/pkg/utils/functions.go:8.37,10.44 2 0
mail/pkg/utils/functions.go:10.44,12.3 1 0
mail/pkg/utils/functions.go:13.2,13.39 1 0
mail/pkg/smtp/smtp.go:13.36,15.2 1 1
mail/pkg/smtp/smtp.go:27.71,35.2 1 1
mail/pkg/smtp/smtp.go:37.86,38.18 1 1
mail/pkg/smtp/smtp.go:38.18,40.3 1 1
mail/pkg/smtp/smtp.go:42.2,45.54 3 1
mail/pkg/smtp/smtp.go:48.75,59.2 1 1
